# JRE version: OpenJDK Runtime Environment (21.0.5) (build 21.0.5+-13047016-b750.29)
# Java VM: OpenJDK 64-Bit Server VM (21.0.5+-13047016-b750.29, mixed mode, tiered, compressed oops, compressed class ptrs, g1 gc, windows-amd64)
GC Precious Log:
 CardTable entry size: 512
 Card Set container configuration: InlinePtr #cards 5 size 8 Array Of Cards #cards 12 size 40 Howl #buckets 4 coarsen threshold 1843 Howl Bitmap #cards 512 size 80 coarsen threshold 460 Card regions per heap region 1 cards per card region 2048
 CPUs: 8 total, 8 available
 Memory: 14269M
 Large Page Support: Disabled
 NUMA Support: Disabled
 Compressed Oops: Enabled (32-bit)
 Heap Region Size: 1M
 Heap Min Capacity: 8M
 Heap Initial Capacity: 224M
 Heap Max Capacity: 2G
 Pre-touch: Disabled
 Parallel Workers: 8
 Concurrent Workers: 2
 Concurrent Refinement Workers: 8
 Periodic GC: Disabled
Heap:
 garbage-first heap   total 357376K, used 253239K [0x0000000080000000, 0x0000000100000000)
  region size 1024K, 118 young (120832K), 11 survivors (11264K)
 Metaspace       used 149998K, committed 153920K, reserved 1245184K
  class space    used 19396K, committed 21184K, reserved 1048576K
GC Heap History (20 events):
Event: 2373.198 GC heap before
{Heap before GC invocations=121 (full 0):
 garbage-first heap   total 327680K, used 304481K [0x0000000080000000, 0x0000000100000000)
  region size 1024K, 133 young (136192K), 8 survivors (8192K)
 Metaspace       used 149086K, committed 153792K, reserved 1245184K
  class space    used 19350K, committed 21184K, reserved 1048576K
}
Event: 2373.218 GC heap after
{Heap after GC invocations=122 (full 0):
 garbage-first heap   total 327680K, used 141223K [0x0000000080000000, 0x0000000100000000)
  region size 1024K, 8 young (8192K), 8 survivors (8192K)
 Metaspace       used 149086K, committed 153792K, reserved 1245184K
  class space    used 19350K, committed 21184K, reserved 1048576K
}
Event: 3015.185 GC heap before
{Heap before GC invocations=122 (full 0):
 garbage-first heap   total 327680K, used 321447K [0x0000000080000000, 0x0000000100000000)
  region size 1024K, 155 young (158720K), 8 survivors (8192K)
 Metaspace       used 149149K, committed 153792K, reserved 1245184K
  class space    used 19351K, committed 21184K, reserved 1048576K
}
Event: 3015.191 GC heap after
{Heap after GC invocations=123 (full 0):
 garbage-first heap   total 327680K, used 134921K [0x0000000080000000, 0x0000000100000000)
  region size 1024K, 2 young (2048K), 2 survivors (2048K)
 Metaspace       used 149149K, committed 153792K, reserved 1245184K
  class space    used 19351K, committed 21184K, reserved 1048576K
}
Event: 3103.189 GC heap before
{Heap before GC invocations=123 (full 0):
 garbage-first heap   total 327680K, used 291593K [0x0000000080000000, 0x0000000100000000)
  region size 1024K, 157 young (160768K), 2 survivors (2048K)
 Metaspace       used 149425K, committed 153792K, reserved 1245184K
  class space    used 19391K, committed 21184K, reserved 1048576K
}
Event: 3103.202 GC heap after
{Heap after GC invocations=124 (full 0):
 garbage-first heap   total 327680K, used 142988K [0x0000000080000000, 0x0000000100000000)
  region size 1024K, 10 young (10240K), 10 survivors (10240K)
 Metaspace       used 149425K, committed 153792K, reserved 1245184K
  class space    used 19391K, committed 21184K, reserved 1048576K
}
Event: 3158.869 GC heap before
{Heap before GC invocations=125 (full 0):
 garbage-first heap   total 327680K, used 326284K [0x0000000080000000, 0x0000000100000000)
  region size 1024K, 161 young (164864K), 10 survivors (10240K)
 Metaspace       used 149544K, committed 153792K, reserved 1245184K
  class space    used 19386K, committed 21184K, reserved 1048576K
}
Event: 3158.875 GC heap after
{Heap after GC invocations=126 (full 0):
 garbage-first heap   total 334848K, used 135502K [0x0000000080000000, 0x0000000100000000)
  region size 1024K, 7 young (7168K), 7 survivors (7168K)
 Metaspace       used 149544K, committed 153792K, reserved 1245184K
  class space    used 19386K, committed 21184K, reserved 1048576K
}
Event: 3204.019 GC heap before
{Heap before GC invocations=126 (full 0):
 garbage-first heap   total 334848K, used 308558K [0x0000000080000000, 0x0000000100000000)
  region size 1024K, 177 young (181248K), 7 survivors (7168K)
 Metaspace       used 149711K, committed 153856K, reserved 1245184K
  class space    used 19397K, committed 21184K, reserved 1048576K
}
Event: 3204.031 GC heap after
{Heap after GC invocations=127 (full 0):
 garbage-first heap   total 334848K, used 114027K [0x0000000080000000, 0x0000000100000000)
  region size 1024K, 6 young (6144K), 6 survivors (6144K)
 Metaspace       used 149711K, committed 153856K, reserved 1245184K
  class space    used 19397K, committed 21184K, reserved 1048576K
}
Event: 3367.699 GC heap before
{Heap before GC invocations=127 (full 0):
 garbage-first heap   total 334848K, used 308587K [0x0000000080000000, 0x0000000100000000)
  region size 1024K, 196 young (200704K), 6 survivors (6144K)
 Metaspace       used 149839K, committed 153856K, reserved 1245184K
  class space    used 19398K, committed 21184K, reserved 1048576K
}
Event: 3367.707 GC heap after
{Heap after GC invocations=128 (full 0):
 garbage-first heap   total 334848K, used 116296K [0x0000000080000000, 0x0000000100000000)
  region size 1024K, 9 young (9216K), 9 survivors (9216K)
 Metaspace       used 149839K, committed 153856K, reserved 1245184K
  class space    used 19398K, committed 21184K, reserved 1048576K
}
Event: 3639.394 GC heap before
{Heap before GC invocations=129 (full 0):
 garbage-first heap   total 334848K, used 307784K [0x0000000080000000, 0x0000000100000000)
  region size 1024K, 195 young (199680K), 9 survivors (9216K)
 Metaspace       used 149902K, committed 153856K, reserved 1245184K
  class space    used 19398K, committed 21184K, reserved 1048576K
}
Event: 3639.406 GC heap after
{Heap after GC invocations=130 (full 0):
 garbage-first heap   total 334848K, used 119084K [0x0000000080000000, 0x0000000100000000)
  region size 1024K, 9 young (9216K), 9 survivors (9216K)
 Metaspace       used 149902K, committed 153856K, reserved 1245184K
  class space    used 19398K, committed 21184K, reserved 1048576K
}
Event: 3697.328 GC heap before
{Heap before GC invocations=130 (full 0):
 garbage-first heap   total 334848K, used 333100K [0x0000000080000000, 0x0000000100000000)
  region size 1024K, 191 young (195584K), 9 survivors (9216K)
 Metaspace       used 150023K, committed 153856K, reserved 1245184K
  class space    used 19405K, committed 21184K, reserved 1048576K
}
Event: 3697.352 GC heap after
{Heap after GC invocations=131 (full 0):
 garbage-first heap   total 357376K, used 123298K [0x0000000080000000, 0x0000000100000000)
  region size 1024K, 18 young (18432K), 18 survivors (18432K)
 Metaspace       used 150023K, committed 153856K, reserved 1245184K
  class space    used 19405K, committed 21184K, reserved 1048576K
}
Event: 3697.451 GC heap before
{Heap before GC invocations=131 (full 0):
 garbage-first heap   total 357376K, used 149922K [0x0000000080000000, 0x0000000100000000)
  region size 1024K, 46 young (47104K), 18 survivors (18432K)
 Metaspace       used 150023K, committed 153856K, reserved 1245184K
  class space    used 19405K, committed 21184K, reserved 1048576K
}
Event: 3697.469 GC heap after
{Heap after GC invocations=132 (full 0):
 garbage-first heap   total 357376K, used 138684K [0x0000000080000000, 0x0000000100000000)
  region size 1024K, 17 young (17408K), 17 survivors (17408K)
 Metaspace       used 150023K, committed 153856K, reserved 1245184K
  class space    used 19405K, committed 21184K, reserved 1048576K
}
Event: 3706.319 GC heap before
{Heap before GC invocations=133 (full 0):
 garbage-first heap   total 357376K, used 261564K [0x0000000080000000, 0x0000000100000000)
  region size 1024K, 123 young (125952K), 17 survivors (17408K)
 Metaspace       used 149982K, committed 153856K, reserved 1245184K
  class space    used 19395K, committed 21184K, reserved 1048576K
}
Event: 3706.337 GC heap after
{Heap after GC invocations=134 (full 0):
 garbage-first heap   total 357376K, used 143671K [0x0000000080000000, 0x0000000100000000)
  region size 1024K, 11 young (11264K), 11 survivors (11264K)
 Metaspace       used 149982K, committed 153856K, reserved 1245184K
  class space    used 19395K, committed 21184K, reserved 1048576K
}

